<?xml version="1.0" encoding="UTF-8"?>
<testsuite name="com.example.demo.DemoApplicationTests" tests="1" skipped="0" failures="0" errors="0" timestamp="2023-04-08T22:30:25" hostname="Debdips-MacBook-Pro.local" time="0.474">
  <properties/>
  <testcase name="contextLoads()" classname="com.example.demo.DemoApplicationTests" time="0.474"/>
  <system-out><![CDATA[15:30:23.237 [Test worker] DEBUG org.springframework.boot.test.context.SpringBootTestContextBootstrapper -- Neither @ContextConfiguration nor @ContextHierarchy found for test class [DemoApplicationTests]: using SpringBootContextLoader
15:30:23.245 [Test worker] DEBUG org.springframework.test.context.support.AbstractContextLoader -- Could not detect default resource locations for test class [com.example.demo.DemoApplicationTests]: no resource found for suffixes {-context.xml, Context.groovy}.
15:30:23.246 [Test worker] INFO org.springframework.test.context.support.AnnotationConfigContextLoaderUtils -- Could not detect default configuration classes for test class [com.example.demo.DemoApplicationTests]: DemoApplicationTests does not declare any static, non-private, non-final, nested classes annotated with @Configuration.
15:30:23.278 [Test worker] DEBUG org.springframework.boot.test.context.SpringBootTestContextBootstrapper -- Using ContextCustomizers for test class [DemoApplicationTests]: [DisableObservabilityContextCustomizer, PropertyMappingContextCustomizer, Customizer, ExcludeFilterContextCustomizer, DuplicateJsonObjectContextCustomizer, MockitoContextCustomizer, TestRestTemplateContextCustomizer]
15:30:23.372 [Test worker] DEBUG org.springframework.context.annotation.ClassPathScanningCandidateComponentProvider -- Identified candidate component class: file [/Users/debdip/Documents/Study/demo 2/build/classes/java/main/com/example/demo/DemoApplication.class]
15:30:23.377 [Test worker] INFO org.springframework.boot.test.context.SpringBootTestContextBootstrapper -- Found @SpringBootConfiguration com.example.demo.DemoApplication for test class com.example.demo.DemoApplicationTests
15:30:23.503 [Test worker] DEBUG org.springframework.test.context.util.TestContextSpringFactoriesUtils -- Skipping candidate TestExecutionListener [org.springframework.test.context.transaction.TransactionalTestExecutionListener] due to a missing dependency. Specify custom TestExecutionListener classes or make the default TestExecutionListener classes and their required dependencies available. Offending class: [org/springframework/transaction/interceptor/TransactionAttributeSource]
15:30:23.505 [Test worker] DEBUG org.springframework.test.context.util.TestContextSpringFactoriesUtils -- Skipping candidate TestExecutionListener [org.springframework.test.context.jdbc.SqlScriptsTestExecutionListener] due to a missing dependency. Specify custom TestExecutionListener classes or make the default TestExecutionListener classes and their required dependencies available. Offending class: [org/springframework/transaction/interceptor/TransactionAttribute]
15:30:23.508 [Test worker] DEBUG org.springframework.boot.test.context.SpringBootTestContextBootstrapper -- Using TestExecutionListeners for test class [DemoApplicationTests]: [ServletTestExecutionListener, DirtiesContextBeforeModesTestExecutionListener, ApplicationEventsTestExecutionListener, MockitoTestExecutionListener, DependencyInjectionTestExecutionListener, DirtiesContextTestExecutionListener, WithSecurityContextTestExecutionListener, EventPublishingTestExecutionListener, ReactorContextTestExecutionListener, RestDocsTestExecutionListener, MockRestServiceServerResetTestExecutionListener, MockMvcPrintOnlyOnFailureTestExecutionListener, WebDriverTestExecutionListener, MockWebServiceServerTestExecutionListener, ResetMocksTestExecutionListener]
15:30:23.510 [Test worker] DEBUG org.springframework.test.context.support.AbstractDirtiesContextTestExecutionListener -- Before test class: class [DemoApplicationTests], class annotated with @DirtiesContext [false] with mode [null]

  .   ____          _            __ _ _
 /\\ / ___'_ __ _ _(_)_ __  __ _ \ \ \ \
( ( )\___ | '_ | '_| | '_ \/ _` | \ \ \ \
 \\/  ___)| |_)| | | | | || (_| |  ) ) ) )
  '  |____| .__|_| |_|_| |_\__, | / / / /
 =========|_|==============|___/=/_/_/_/
 :: Spring Boot ::                (v3.0.5)

2023-04-08T15:30:24.007-07:00  INFO 95071 --- [    Test worker] com.example.demo.DemoApplicationTests    : Starting DemoApplicationTests using Java 17.0.6 with PID 95071 (started by debdip in /Users/debdip/Documents/Study/demo 2)
2023-04-08T15:30:24.010-07:00  INFO 95071 --- [    Test worker] com.example.demo.DemoApplicationTests    : No active profile set, falling back to 1 default profile: "default"
2023-04-08T15:30:25.752-07:00  WARN 95071 --- [    Test worker] .s.s.UserDetailsServiceAutoConfiguration : 

Using generated security password: 617c382a-aa4f-4b21-8072-48f632fa97ea

This generated password is for development use only. Your security configuration must be updated before running your application in production.

2023-04-08T15:30:25.890-07:00  INFO 95071 --- [    Test worker] o.s.s.web.DefaultSecurityFilterChain     : Will secure any request with [org.springframework.security.web.session.DisableEncodeUrlFilter@1bedc703, org.springframework.security.web.context.request.async.WebAsyncManagerIntegrationFilter@18d11527, org.springframework.security.web.context.SecurityContextHolderFilter@32091c14, org.springframework.security.web.header.HeaderWriterFilter@4391a2d8, org.springframework.security.web.csrf.CsrfFilter@1ca610a0, org.springframework.security.web.authentication.logout.LogoutFilter@6fe595dc, org.springframework.security.web.authentication.UsernamePasswordAuthenticationFilter@2ba1209b, org.springframework.security.web.authentication.ui.DefaultLoginPageGeneratingFilter@64bebd55, org.springframework.security.web.authentication.ui.DefaultLogoutPageGeneratingFilter@4998e74b, org.springframework.security.web.authentication.www.BasicAuthenticationFilter@750ed637, org.springframework.security.web.savedrequest.RequestCacheAwareFilter@286855ea, org.springframework.security.web.servletapi.SecurityContextHolderAwareRequestFilter@fd413fb, org.springframework.security.web.authentication.AnonymousAuthenticationFilter@5d878b25, org.springframework.security.web.access.ExceptionTranslationFilter@629a9f26, org.springframework.security.web.access.intercept.AuthorizationFilter@4342c13]
2023-04-08T15:30:25.953-07:00  INFO 95071 --- [    Test worker] com.example.demo.DemoApplicationTests    : Started DemoApplicationTests in 2.336 seconds (process running for 4.041)
]]></system-out>
  <system-err><![CDATA[]]></system-err>
</testsuite>
